\BOOKMARK [0][-]{chapter.1}{\376\377\000I\000n\000t\000r\000o\000d\000u\000c\000t\000i\000o\000n}{}% 1
\BOOKMARK [1][-]{section.1.1}{\376\377\000G\000a\000m\000e\000\040\000G\000e\000n\000r\000e}{chapter.1}% 2
\BOOKMARK [2][-]{subsection.1.1.1}{\376\377\000S\000t\000r\000a\000t\000e\000g\000y}{section.1.1}% 3
\BOOKMARK [2][-]{subsection.1.1.2}{\376\377\000T\000o\000w\000e\000r\000\040\000D\000e\000f\000e\000n\000s\000e}{section.1.1}% 4
\BOOKMARK [2][-]{subsection.1.1.3}{\376\377\000R\000o\000g\000u\000e\000-\000l\000i\000k\000e}{section.1.1}% 5
\BOOKMARK [2][-]{subsection.1.1.4}{\376\377\000C\000o\000m\000b\000i\000n\000i\000n\000g\000\040\000t\000h\000e\000\040\000T\000w\000o}{section.1.1}% 6
\BOOKMARK [1][-]{section.1.2}{\376\377\000O\000r\000i\000g\000i\000n\000a\000l\000\040\000V\000i\000s\000i\000o\000n}{chapter.1}% 7
\BOOKMARK [1][-]{section.1.3}{\376\377\000C\000u\000r\000r\000e\000n\000t\000\040\000S\000c\000o\000p\000e\000\040\000a\000n\000d\000\040\000G\000o\000a\000l\000s}{chapter.1}% 8
\BOOKMARK [0][-]{chapter.2}{\376\377\000G\000a\000m\000e\000\040\000D\000e\000s\000i\000g\000n}{}% 9
\BOOKMARK [1][-]{section.2.1}{\376\377\000D\000e\000s\000i\000g\000n\000\040\000g\000o\000a\000l\000s}{chapter.2}% 10
\BOOKMARK [2][-]{subsection.2.1.1}{\376\377\000S\000l\000a\000y\000\040\000t\000h\000e\000\040\000S\000p\000i\000r\000e}{section.2.1}% 11
\BOOKMARK [2][-]{subsection.2.1.2}{\376\377\000P\000l\000a\000n\000t\000s\000\040\000v\000s\000.\000\040\000Z\000o\000m\000b\000i\000e\000s}{section.2.1}% 12
\BOOKMARK [2][-]{subsection.2.1.3}{\376\377\000S\000t\000r\000a\000t\000e\000g\000i\000c\000\040\000D\000e\000p\000t\000h\000\040\000i\000n\000\040\000E\000a\000c\000h\000\040\000B\000a\000t\000t\000l\000e}{section.2.1}% 13
\BOOKMARK [2][-]{subsection.2.1.4}{\376\377\000S\000t\000r\000a\000t\000e\000g\000i\000c\000\040\000D\000e\000p\000t\000h\000\040\000i\000n\000\040\000E\000a\000c\000h\000\040\000R\000u\000n}{section.2.1}% 14
\BOOKMARK [2][-]{subsection.2.1.5}{\376\377\000M\000a\000k\000e\000\040\000V\000a\000r\000i\000o\000u\000s\000\040\000S\000t\000r\000a\000t\000e\000g\000i\000e\000s\000\040\000V\000i\000a\000b\000l\000e}{section.2.1}% 15
\BOOKMARK [2][-]{subsection.2.1.6}{\376\377\000F\000o\000r\000c\000e\000\040\000E\000x\000p\000l\000o\000r\000a\000t\000i\000o\000n}{section.2.1}% 16
\BOOKMARK [2][-]{subsection.2.1.7}{\376\377\000P\000r\000o\000v\000i\000d\000e\000\040\000a\000\040\000C\000h\000a\000l\000l\000e\000n\000g\000e}{section.2.1}% 17
\BOOKMARK [1][-]{section.2.2}{\376\377\000B\000a\000t\000t\000l\000e}{chapter.2}% 18
\BOOKMARK [1][-]{section.2.3}{\376\377\000A\000t\000t\000a\000c\000k\000e\000r\000\040\000M\000o\000v\000e\000m\000e\000n\000t}{chapter.2}% 19
\BOOKMARK [1][-]{section.2.4}{\376\377\000W\000o\000r\000l\000d}{chapter.2}% 20
\BOOKMARK [1][-]{section.2.5}{\376\377\000R\000e\000s\000o\000u\000r\000c\000e\000s}{chapter.2}% 21
\BOOKMARK [2][-]{subsection.2.5.1}{\376\377\000M\000a\000t\000e\000r\000i\000a\000l\000s}{section.2.5}% 22
\BOOKMARK [2][-]{subsection.2.5.2}{\376\377\000E\000n\000e\000r\000g\000y}{section.2.5}% 23
\BOOKMARK [2][-]{subsection.2.5.3}{\376\377\000H\000u\000l\000l}{section.2.5}% 24
\BOOKMARK [1][-]{section.2.6}{\376\377\000G\000r\000a\000p\000h\000i\000c\000a\000l\000\040\000U\000s\000e\000r\000\040\000I\000n\000t\000e\000r\000f\000a\000c\000e}{chapter.2}% 25
\BOOKMARK [2][-]{subsection.2.6.1}{\376\377\000W\000a\000v\000e\000s\000\040\000L\000e\000f\000t\000\040\000a\000n\000d\000\040\000F\000u\000e\000l}{section.2.6}% 26
\BOOKMARK [2][-]{subsection.2.6.2}{\376\377\000H\000u\000l\000l}{section.2.6}% 27
\BOOKMARK [2][-]{subsection.2.6.3}{\376\377\000W\000a\000v\000e\000\040\000P\000r\000e\000v\000i\000e\000w}{section.2.6}% 28
\BOOKMARK [2][-]{subsection.2.6.4}{\376\377\000M\000a\000t\000e\000r\000i\000a\000l\000s\000\040\000a\000n\000d\000\040\000E\000n\000e\000r\000g\000y}{section.2.6}% 29
\BOOKMARK [2][-]{subsection.2.6.5}{\376\377\000B\000l\000u\000e\000p\000r\000i\000n\000t\000s}{section.2.6}% 30
\BOOKMARK [2][-]{subsection.2.6.6}{\376\377\000I\000n\000f\000o\000\040\000P\000a\000n\000e\000l\000\040\000a\000n\000d\000\040\000S\000e\000l\000e\000c\000t\000i\000o\000n}{section.2.6}% 31
\BOOKMARK [2][-]{subsection.2.6.7}{\376\377\000H\000i\000g\000h\000l\000i\000g\000h\000t\000s\000\040\000a\000n\000d\000\040\000R\000a\000n\000g\000e\000\040\000V\000i\000s\000u\000a\000l\000i\000z\000a\000t\000i\000o\000n}{section.2.6}% 32
\BOOKMARK [1][-]{section.2.7}{\376\377\000A\000t\000t\000a\000c\000k\000e\000r\000s}{chapter.2}% 33
\BOOKMARK [1][-]{section.2.8}{\376\377\000B\000u\000i\000l\000d\000i\000n\000g\000s}{chapter.2}% 34
\BOOKMARK [2][-]{subsection.2.8.1}{\376\377\000E\000c\000o\000n\000o\000m\000i\000c\000\040\000b\000u\000i\000l\000d\000i\000n\000g\000s}{section.2.8}% 35
\BOOKMARK [2][-]{subsection.2.8.2}{\376\377\000T\000o\000w\000e\000r\000s}{section.2.8}% 36
\BOOKMARK [1][-]{section.2.9}{\376\377\000A\000b\000i\000l\000i\000t\000i\000e\000s}{chapter.2}% 37
\BOOKMARK [1][-]{section.2.10}{\376\377\000C\000a\000m\000e\000r\000a\000\040\000c\000o\000n\000t\000r\000o\000l\000s}{chapter.2}% 38
\BOOKMARK [1][-]{section.2.11}{\376\377\000F\000u\000t\000u\000r\000e\000\040\000F\000e\000a\000t\000u\000r\000e\000s}{chapter.2}% 39
\BOOKMARK [0][-]{chapter.3}{\376\377\000A\000n\000a\000l\000y\000s\000i\000s}{}% 40
\BOOKMARK [1][-]{section.3.1}{\376\377\000G\000a\000m\000e\000\040\000E\000n\000g\000i\000n\000e}{chapter.3}% 41
\BOOKMARK [1][-]{section.3.2}{\376\377\000P\000r\000o\000c\000e\000d\000u\000r\000a\000l\000\040\000l\000e\000v\000e\000l\000\040\000g\000e\000n\000e\000r\000a\000t\000i\000o\000n}{chapter.3}% 42
\BOOKMARK [1][-]{section.3.3}{\376\377\000R\000a\000n\000d\000o\000m\000\040\000n\000u\000m\000b\000e\000r\000\040\000g\000e\000n\000e\000r\000a\000t\000i\000o\000n}{chapter.3}% 43
\BOOKMARK [1][-]{section.3.4}{\376\377\000P\000a\000t\000h\000\040\000g\000e\000n\000e\000r\000a\000t\000i\000o\000n}{chapter.3}% 44
\BOOKMARK [2][-]{subsection.3.4.1}{\376\377\000P\000a\000t\000h\000\040\000v\000i\000s\000u\000a\000l\000i\000z\000a\000t\000i\000o\000n}{section.3.4}% 45
\BOOKMARK [1][-]{section.3.5}{\376\377\000T\000e\000r\000r\000a\000i\000n\000\040\000g\000e\000n\000e\000r\000a\000t\000i\000o\000n}{chapter.3}% 46
\BOOKMARK [1][-]{section.3.6}{\376\377\000R\000e\000s\000o\000u\000r\000c\000e\000s\000\040\000a\000n\000d\000\040\000o\000b\000s\000t\000a\000c\000l\000e\000s}{chapter.3}% 47
\BOOKMARK [1][-]{section.3.7}{\376\377\000T\000e\000r\000r\000a\000i\000n\000\040\000t\000y\000p\000e\000s}{chapter.3}% 48
\BOOKMARK [1][-]{section.3.8}{\376\377\000W\000o\000r\000l\000d\000\040\000b\000u\000i\000l\000d\000e\000r}{chapter.3}% 49
\BOOKMARK [1][-]{section.3.9}{\376\377\000A\000t\000t\000a\000c\000k\000e\000r\000\040\000w\000a\000v\000e\000\040\000g\000e\000n\000e\000r\000a\000t\000i\000o\000n}{chapter.3}% 50
\BOOKMARK [1][-]{section.3.10}{\376\377\000S\000i\000m\000u\000l\000a\000t\000i\000o\000n}{chapter.3}% 51
\BOOKMARK [1][-]{section.3.11}{\376\377\000V\000i\000s\000u\000a\000l\000s\000\040\000a\000n\000d\000\040\000i\000n\000t\000e\000r\000p\000o\000l\000a\000t\000i\000o\000n}{chapter.3}% 52
\BOOKMARK [1][-]{section.3.12}{\376\377\000A\000t\000t\000a\000c\000k\000e\000r\000\040\000t\000a\000r\000g\000e\000t\000i\000n\000g}{chapter.3}% 53
\BOOKMARK [1][-]{section.3.13}{\376\377\000G\000a\000m\000e\000\040\000e\000v\000e\000n\000t\000s}{chapter.3}% 54
\BOOKMARK [1][-]{section.3.14}{\376\377\000R\000a\000n\000g\000e\000\040\000v\000i\000s\000u\000a\000l\000i\000z\000a\000t\000i\000o\000n}{chapter.3}% 55
\BOOKMARK [1][-]{section.3.15}{\376\377\000S\000e\000l\000e\000c\000t\000i\000o\000n}{chapter.3}% 56
\BOOKMARK [1][-]{section.3.16}{\376\377\000B\000l\000u\000e\000p\000r\000i\000n\000t\000s}{chapter.3}% 57
\BOOKMARK [2][-]{subsection.3.16.1}{\376\377\000D\000y\000n\000a\000m\000i\000c\000\040\000d\000e\000s\000c\000r\000i\000p\000t\000i\000o\000n\000s}{section.3.16}% 58
\BOOKMARK [2][-]{subsection.3.16.2}{\376\377\000A\000t\000t\000a\000c\000k\000e\000r\000\040\000s\000t\000a\000t\000s}{section.3.16}% 59
\BOOKMARK [0][-]{chapter.4}{\376\377\000D\000e\000v\000e\000l\000o\000p\000e\000r\000\040\000D\000o\000c\000u\000m\000e\000n\000t\000a\000t\000i\000o\000n}{}% 60
\BOOKMARK [1][-]{section.4.1}{\376\377\000U\000n\000i\000t\000y}{chapter.4}% 61
\BOOKMARK [1][-]{section.4.2}{\376\377\000S\000c\000e\000n\000e\000s}{chapter.4}% 62
\BOOKMARK [2][-]{subsection.4.2.1}{\376\377\000B\000a\000t\000t\000l\000e}{section.4.2}% 63
\BOOKMARK [2][-]{subsection.4.2.2}{\376\377\000L\000o\000a\000d\000i\000n\000g}{section.4.2}% 64
\BOOKMARK [2][-]{subsection.4.2.3}{\376\377\000M\000a\000i\000n\000\040\000M\000e\000n\000u}{section.4.2}% 65
\BOOKMARK [1][-]{section.4.3}{\376\377\000?\000?\000?}{chapter.4}% 66
\BOOKMARK [0][-]{chapter.5}{\376\377\000U\000s\000e\000r\000\040\000D\000o\000c\000u\000m\000e\000n\000t\000a\000t\000i\000o\000n\000\040\040\024\000\040\000D\000e\000s\000i\000g\000n\000e\000r}{}% 67
\BOOKMARK [1][-]{section.5.1}{\376\377\000T\000e\000r\000r\000a\000i\000n\000\040\000T\000y\000p\000e\000s}{chapter.5}% 68
\BOOKMARK [1][-]{section.5.2}{\376\377\000B\000l\000u\000e\000p\000r\000i\000n\000t\000s}{chapter.5}% 69
\BOOKMARK [2][-]{subsection.5.2.1}{\376\377\000B\000u\000i\000l\000d\000i\000n\000g\000s}{section.5.2}% 70
\BOOKMARK [2][-]{subsection.5.2.2}{\376\377\000T\000o\000w\000e\000r\000s}{section.5.2}% 71
\BOOKMARK [2][-]{subsection.5.2.3}{\376\377\000A\000b\000i\000l\000i\000t\000i\000e\000s}{section.5.2}% 72
\BOOKMARK [1][-]{section.5.3}{\376\377\000A\000t\000t\000a\000c\000k\000e\000r\000s}{chapter.5}% 73
\BOOKMARK [1][-]{section.5.4}{\376\377\000?\000?\000?}{chapter.5}% 74
\BOOKMARK [0][-]{chapter.6}{\376\377\000U\000s\000e\000r\000\040\000D\000o\000c\000u\000m\000e\000n\000t\000a\000t\000i\000o\000n\000\040\040\024\000\040\000P\000l\000a\000y\000e\000r}{}% 75
\BOOKMARK [1][-]{section.6.1}{\376\377\000?\000I\000n\000t\000r\000o\000d\000u\000c\000t\000i\000o\000n}{chapter.6}% 76
\BOOKMARK [1][-]{section.6.2}{\376\377\000?\000C\000o\000n\000t\000r\000o\000l\000s}{chapter.6}% 77
\BOOKMARK [1][-]{section.6.3}{\376\377\000?\000M\000e\000c\000h\000a\000n\000i\000c\000s}{chapter.6}% 78
\BOOKMARK [0][-]{chapter.7}{\376\377\000?\000P\000l\000a\000y\000t\000e\000s\000t\000i\000n\000g}{}% 79
\BOOKMARK [0][-]{chapter*.12}{\376\377\000C\000o\000n\000c\000l\000u\000s\000i\000o\000n}{}% 80
\BOOKMARK [1][-]{section.7.1}{\376\377\000G\000o\000a\000l\000s}{chapter*.12}% 81
\BOOKMARK [1][-]{section.7.2}{\376\377\000F\000u\000t\000u\000r\000e\000\040\000W\000o\000r\000k}{chapter*.12}% 82
\BOOKMARK [0][-]{chapter*.13}{\376\377\000B\000i\000b\000l\000i\000o\000g\000r\000a\000p\000h\000y}{}% 83
\BOOKMARK [0][-]{chapter*.14}{\376\377\000L\000i\000s\000t\000\040\000o\000f\000\040\000F\000i\000g\000u\000r\000e\000s}{}% 84
\BOOKMARK [0][-]{chapter*.15}{\376\377\000L\000i\000s\000t\000\040\000o\000f\000\040\000T\000a\000b\000l\000e\000s}{}% 85
\BOOKMARK [0][-]{chapter*.16}{\376\377\000L\000i\000s\000t\000\040\000o\000f\000\040\000A\000b\000b\000r\000e\000v\000i\000a\000t\000i\000o\000n\000s}{}% 86
\BOOKMARK [0][-]{appendix.A}{\376\377\000A\000t\000t\000a\000c\000h\000m\000e\000n\000t\000s}{}% 87
\BOOKMARK [1][-]{section.A.1}{\376\377\000F\000i\000r\000s\000t\000\040\000A\000t\000t\000a\000c\000h\000m\000e\000n\000t}{appendix.A}% 88
